{"name": "test_submit_automation_practice_form", "status": "failed", "statusDetails": {"message": "selene.core.exceptions.TimeoutException: Message: \n\nTimed out after 3s, while waiting for:\nbrowser.element(('css selector', '#uploadPicture')).send keys\n\nReason: InvalidArgumentException: Message: invalid argument: File not found : F:\\QA-Engineer\\Python_projects\\qa_guru\\qa_guru_python_10_jenkins\\resources\\pictur.png\n  (Session info: chrome=103.0.5060.134)\nStacktrace:\nBacktrace:\n\tOrdinal0 [0x00F85FD3+2187219]\n\tOrdinal0 [0x00F1E6D1+1763025]\n\tOrdinal0 [0x00E33E78+802424]\n\tOrdinal0 [0x00E5B7FA+964602]\n\tOrdinal0 [0x00E7CB8C+1100684]\n\tOrdinal0 [0x00E58394+951188]\n\tOrdinal0 [0x00E7CDA4+1101220]\n\tOrdinal0 [0x00E8CFC2+1167298]\n\tOrdinal0 [0x00E7C9A6+1100198]\n\tOrdinal0 [0x00E56F80+946048]\n\tOrdinal0 [0x00E57E76+949878]\n\tGetHandleVerifier [0x012290C2+2721218]\n\tGetHandleVerifier [0x0121AAF0+2662384]\n\tGetHandleVerifier [0x0101137A+526458]\n\tGetHandleVerifier [0x01010416+522518]\n\tOrdinal0 [0x00F24EAB+1789611]\n\tOrdinal0 [0x00F297A8+1808296]\n\tOrdinal0 [0x00F29895+1808533]\n\tOrdinal0 [0x00F326C1+1844929]\n\tBaseThreadInitThunk [0x7656FA29+25]\n\tRtlGetAppContainerNamedObjectPath [0x775B7A9E+286]\n\tRtlGetAppContainerNamedObjectPath [0x775B7A6E+238]\n\nScreenshot: file://C:\\Users\\vasvap\\.selene\\screenshots\\1659038333498\\1659038333499.png\nPageSource: file://C:\\Users\\vasvap\\.selene\\screenshots\\1659038333498\\1659038333499.html", "trace": "self = <selene.core.wait.Wait object at 0x000001CA120DDC90>\nfn = <selene.core.wait.Command object at 0x000001CA120DE2F0>\n\n    def for_(self, fn: Callable[[E], R]) -> R:\n        finish_time = time.time() + self._timeout\n    \n        while True:\n            try:\n>               return fn(self._entity)\n\n..\\venv\\lib\\site-packages\\selene\\core\\wait.py:102: \n_ _ _ _ _ _ _ _ _ _ _ _ _ _ _ _ _ _ _ _ _ _ _ _ _ _ _ _ _ _ _ _ _ _ _ _ _ _ _ _\n\nself = <selene.core.wait.Command object at 0x000001CA120DE2F0>\nentity = <selene.core.entity.Element object at 0x000001CA120DDCC0>\n\n    def __call__(self, entity: T) -> R:\n>       return self._fn(entity)\n\n..\\venv\\lib\\site-packages\\selene\\core\\wait.py:56: \n_ _ _ _ _ _ _ _ _ _ _ _ _ _ _ _ _ _ _ _ _ _ _ _ _ _ _ _ _ _ _ _ _ _ _ _ _ _ _ _\n\nelement = <selene.core.entity.Element object at 0x000001CA120DDCC0>\n\n>       'send keys', lambda element: element().send_keys(*value)\n    )\n\n..\\venv\\lib\\site-packages\\selene\\core\\entity.py:743: \n_ _ _ _ _ _ _ _ _ _ _ _ _ _ _ _ _ _ _ _ _ _ _ _ _ _ _ _ _ _ _ _ _ _ _ _ _ _ _ _\n\nself = <selenium.webdriver.remote.webelement.WebElement (session=\"6795a69a441a98e49e3055d6dfbedd70\", element=\"61384050-85b4-40d5-b4ff-0ebb0632084f\")>\nvalue = ('F:\\\\QA-Engineer\\\\Python_projects\\\\qa_guru\\\\qa_guru_python_10_jenkins\\\\resources\\\\pictur.png',)\n\n    def send_keys(self, *value) -> None:\n        \"\"\"Simulates typing into the element.\n    \n        :Args:\n            - value - A string for typing, or setting form fields.  For setting\n              file inputs, this could be a local file path.\n    \n        Use this to send simple key events or to fill out form fields::\n    \n            form_textfield = driver.find_element(By.NAME, 'username')\n            form_textfield.send_keys(\"admin\")\n    \n        This can also be used to set file inputs.\n    \n        ::\n    \n            file_input = driver.find_element(By.NAME, 'profilePic')\n            file_input.send_keys(\"path/to/profilepic.gif\")\n            # Generally it's better to wrap the file path in one of the methods\n            # in os.path to return the actual path to support cross OS testing.\n            # file_input.send_keys(os.path.abspath(\"path/to/profilepic.gif\"))\n    \n        \"\"\"\n        # transfer file to another machine only if remote driver is used\n        # the same behaviour as for java binding\n        if self.parent._is_remote:\n            local_files = list(map(lambda keys_to_send:\n                                   self.parent.file_detector.is_local_file(str(keys_to_send)),\n                                   ''.join(map(str, value)).split('\\n')))\n            if None not in local_files:\n                remote_files = []\n                for file in local_files:\n                    remote_files.append(self._upload(file))\n                value = '\\n'.join(remote_files)\n    \n>       self._execute(Command.SEND_KEYS_TO_ELEMENT,\n                      {'text': \"\".join(keys_to_typing(value)),\n                       'value': keys_to_typing(value)})\n\n..\\venv\\lib\\site-packages\\selenium\\webdriver\\remote\\webelement.py:600: \n_ _ _ _ _ _ _ _ _ _ _ _ _ _ _ _ _ _ _ _ _ _ _ _ _ _ _ _ _ _ _ _ _ _ _ _ _ _ _ _\n\nself = <selenium.webdriver.remote.webelement.WebElement (session=\"6795a69a441a98e49e3055d6dfbedd70\", element=\"61384050-85b4-40d5-b4ff-0ebb0632084f\")>\ncommand = 'sendKeysToElement'\nparams = {'id': '61384050-85b4-40d5-b4ff-0ebb0632084f', 'sessionId': '6795a69a441a98e49e3055d6dfbedd70', 'text': 'F:\\\\QA-Engine...on_projects\\\\qa_guru\\\\qa_guru_python_10_jenkins\\\\resources\\\\pictur.png', 'value': ['F', ':', '\\\\', 'Q', 'A', '-', ...]}\n\n    def _execute(self, command, params=None):\n        \"\"\"Executes a command against the underlying HTML element.\n    \n        Args:\n          command: The name of the command to _execute as a string.\n          params: A dictionary of named parameters to send with the command.\n    \n        Returns:\n          The command's JSON response loaded into a dictionary object.\n        \"\"\"\n        if not params:\n            params = {}\n        params['id'] = self._id\n>       return self._parent.execute(command, params)\n\n..\\venv\\lib\\site-packages\\selenium\\webdriver\\remote\\webelement.py:773: \n_ _ _ _ _ _ _ _ _ _ _ _ _ _ _ _ _ _ _ _ _ _ _ _ _ _ _ _ _ _ _ _ _ _ _ _ _ _ _ _\n\nself = <selenium.webdriver.chrome.webdriver.WebDriver (session=\"6795a69a441a98e49e3055d6dfbedd70\")>\ndriver_command = 'sendKeysToElement'\nparams = {'id': '61384050-85b4-40d5-b4ff-0ebb0632084f', 'text': 'F:\\\\QA-Engineer\\\\Python_projects\\\\qa_guru\\\\qa_guru_python_10_jenkins\\\\resources\\\\pictur.png', 'value': ['F', ':', '\\\\', 'Q', 'A', '-', ...]}\n\n    def execute(self, driver_command: str, params: dict = None) -> dict:\n        \"\"\"\n        Sends a command to be executed by a command.CommandExecutor.\n    \n        :Args:\n         - driver_command: The name of the command to execute as a string.\n         - params: A dictionary of named parameters to send with the command.\n    \n        :Returns:\n          The command's JSON response loaded into a dictionary object.\n        \"\"\"\n        if self.session_id:\n            if not params:\n                params = {'sessionId': self.session_id}\n            elif 'sessionId' not in params:\n                params['sessionId'] = self.session_id\n    \n        params = self._wrap_value(params)\n        response = self.command_executor.execute(driver_command, params)\n        if response:\n>           self.error_handler.check_response(response)\n\n..\\venv\\lib\\site-packages\\selenium\\webdriver\\remote\\webdriver.py:430: \n_ _ _ _ _ _ _ _ _ _ _ _ _ _ _ _ _ _ _ _ _ _ _ _ _ _ _ _ _ _ _ _ _ _ _ _ _ _ _ _\n\nself = <selenium.webdriver.remote.errorhandler.ErrorHandler object at 0x000001CA120DF790>\nresponse = {'status': 400, 'value': '{\"value\":{\"error\":\"invalid argument\",\"message\":\"invalid argument: File not found : F:\\\\\\\\QA-...\\n\\\\tRtlGetAppContainerNamedObjectPath [0x775B7A9E+286]\\\\n\\\\tRtlGetAppContainerNamedObjectPath [0x775B7A6E+238]\\\\n\"}}'}\n\n    def check_response(self, response: Dict[str, Any]) -> None:\n        \"\"\"\n        Checks that a JSON response from the WebDriver does not have an error.\n    \n        :Args:\n         - response - The JSON response from the WebDriver server as a dictionary\n           object.\n    \n        :Raises: If the response contains an error message.\n        \"\"\"\n        status = response.get('status', None)\n        if not status or status == ErrorCode.SUCCESS:\n            return\n        value = None\n        message = response.get(\"message\", \"\")\n        screen: str = response.get(\"screen\", \"\")\n        stacktrace = None\n        if isinstance(status, int):\n            value_json = response.get('value', None)\n            if value_json and isinstance(value_json, str):\n                import json\n                try:\n                    value = json.loads(value_json)\n                    if len(value.keys()) == 1:\n                        value = value['value']\n                    status = value.get('error', None)\n                    if not status:\n                        status = value.get(\"status\", ErrorCode.UNKNOWN_ERROR)\n                        message = value.get(\"value\") or value.get(\"message\")\n                        if not isinstance(message, str):\n                            value = message\n                            message = message.get('message')\n                    else:\n                        message = value.get('message', None)\n                except ValueError:\n                    pass\n    \n        exception_class: Type[WebDriverException]\n        if status in ErrorCode.NO_SUCH_ELEMENT:\n            exception_class = NoSuchElementException\n        elif status in ErrorCode.NO_SUCH_FRAME:\n            exception_class = NoSuchFrameException\n        elif status in ErrorCode.NO_SUCH_SHADOW_ROOT:\n            exception_class = NoSuchShadowRootException\n        elif status in ErrorCode.NO_SUCH_WINDOW:\n            exception_class = NoSuchWindowException\n        elif status in ErrorCode.STALE_ELEMENT_REFERENCE:\n            exception_class = StaleElementReferenceException\n        elif status in ErrorCode.ELEMENT_NOT_VISIBLE:\n            exception_class = ElementNotVisibleException\n        elif status in ErrorCode.INVALID_ELEMENT_STATE:\n            exception_class = InvalidElementStateException\n        elif status in ErrorCode.INVALID_SELECTOR \\\n                or status in ErrorCode.INVALID_XPATH_SELECTOR \\\n                or status in ErrorCode.INVALID_XPATH_SELECTOR_RETURN_TYPER:\n            exception_class = InvalidSelectorException\n        elif status in ErrorCode.ELEMENT_IS_NOT_SELECTABLE:\n            exception_class = ElementNotSelectableException\n        elif status in ErrorCode.ELEMENT_NOT_INTERACTABLE:\n            exception_class = ElementNotInteractableException\n        elif status in ErrorCode.INVALID_COOKIE_DOMAIN:\n            exception_class = InvalidCookieDomainException\n        elif status in ErrorCode.UNABLE_TO_SET_COOKIE:\n            exception_class = UnableToSetCookieException\n        elif status in ErrorCode.TIMEOUT:\n            exception_class = TimeoutException\n        elif status in ErrorCode.SCRIPT_TIMEOUT:\n            exception_class = TimeoutException\n        elif status in ErrorCode.UNKNOWN_ERROR:\n            exception_class = WebDriverException\n        elif status in ErrorCode.UNEXPECTED_ALERT_OPEN:\n            exception_class = UnexpectedAlertPresentException\n        elif status in ErrorCode.NO_ALERT_OPEN:\n            exception_class = NoAlertPresentException\n        elif status in ErrorCode.IME_NOT_AVAILABLE:\n            exception_class = ImeNotAvailableException\n        elif status in ErrorCode.IME_ENGINE_ACTIVATION_FAILED:\n            exception_class = ImeActivationFailedException\n        elif status in ErrorCode.MOVE_TARGET_OUT_OF_BOUNDS:\n            exception_class = MoveTargetOutOfBoundsException\n        elif status in ErrorCode.JAVASCRIPT_ERROR:\n            exception_class = JavascriptException\n        elif status in ErrorCode.SESSION_NOT_CREATED:\n            exception_class = SessionNotCreatedException\n        elif status in ErrorCode.INVALID_ARGUMENT:\n            exception_class = InvalidArgumentException\n        elif status in ErrorCode.NO_SUCH_COOKIE:\n            exception_class = NoSuchCookieException\n        elif status in ErrorCode.UNABLE_TO_CAPTURE_SCREEN:\n            exception_class = ScreenshotException\n        elif status in ErrorCode.ELEMENT_CLICK_INTERCEPTED:\n            exception_class = ElementClickInterceptedException\n        elif status in ErrorCode.INSECURE_CERTIFICATE:\n            exception_class = InsecureCertificateException\n        elif status in ErrorCode.INVALID_COORDINATES:\n            exception_class = InvalidCoordinatesException\n        elif status in ErrorCode.INVALID_SESSION_ID:\n            exception_class = InvalidSessionIdException\n        elif status in ErrorCode.UNKNOWN_METHOD:\n            exception_class = UnknownMethodException\n        else:\n            exception_class = WebDriverException\n        if not value:\n            value = response['value']\n        if isinstance(value, str):\n            raise exception_class(value)\n        if message == \"\" and 'message' in value:\n            message = value['message']\n    \n        screen = None  # type: ignore[assignment]\n        if 'screen' in value:\n            screen = value['screen']\n    \n        stacktrace = None\n        st_value = value.get('stackTrace') or value.get('stacktrace')\n        if st_value:\n            if isinstance(st_value, str):\n                stacktrace = st_value.split('\\n')\n            else:\n                stacktrace = []\n                try:\n                    for frame in st_value:\n                        line = self._value_or_default(frame, 'lineNumber', '')\n                        file = self._value_or_default(frame, 'fileName', '<anonymous>')\n                        if line:\n                            file = \"%s:%s\" % (file, line)\n                        meth = self._value_or_default(frame, 'methodName', '<anonymous>')\n                        if 'className' in frame:\n                            meth = \"%s.%s\" % (frame['className'], meth)\n                        msg = \"    at %s (%s)\"\n                        msg = msg % (meth, file)\n                        stacktrace.append(msg)\n                except TypeError:\n                    pass\n        if exception_class == UnexpectedAlertPresentException:\n            alert_text = None\n            if 'data' in value:\n                alert_text = value['data'].get('text')\n            elif 'alert' in value:\n                alert_text = value['alert'].get('text')\n            raise exception_class(message, screen, stacktrace, alert_text)  # type: ignore[call-arg]  # mypy is not smart enough here\n>       raise exception_class(message, screen, stacktrace)\nE       selenium.common.exceptions.InvalidArgumentException: Message: invalid argument: File not found : F:\\QA-Engineer\\Python_projects\\qa_guru\\qa_guru_python_10_jenkins\\resources\\pictur.png\nE         (Session info: chrome=103.0.5060.134)\nE       Stacktrace:\nE       Backtrace:\nE       \tOrdinal0 [0x00F85FD3+2187219]\nE       \tOrdinal0 [0x00F1E6D1+1763025]\nE       \tOrdinal0 [0x00E33E78+802424]\nE       \tOrdinal0 [0x00E5B7FA+964602]\nE       \tOrdinal0 [0x00E7CB8C+1100684]\nE       \tOrdinal0 [0x00E58394+951188]\nE       \tOrdinal0 [0x00E7CDA4+1101220]\nE       \tOrdinal0 [0x00E8CFC2+1167298]\nE       \tOrdinal0 [0x00E7C9A6+1100198]\nE       \tOrdinal0 [0x00E56F80+946048]\nE       \tOrdinal0 [0x00E57E76+949878]\nE       \tGetHandleVerifier [0x012290C2+2721218]\nE       \tGetHandleVerifier [0x0121AAF0+2662384]\nE       \tGetHandleVerifier [0x0101137A+526458]\nE       \tGetHandleVerifier [0x01010416+522518]\nE       \tOrdinal0 [0x00F24EAB+1789611]\nE       \tOrdinal0 [0x00F297A8+1808296]\nE       \tOrdinal0 [0x00F29895+1808533]\nE       \tOrdinal0 [0x00F326C1+1844929]\nE       \tBaseThreadInitThunk [0x7656FA29+25]\nE       \tRtlGetAppContainerNamedObjectPath [0x775B7A9E+286]\nE       \tRtlGetAppContainerNamedObjectPath [0x775B7A6E+238]\n\n..\\venv\\lib\\site-packages\\selenium\\webdriver\\remote\\errorhandler.py:247: InvalidArgumentException\n\nDuring handling of the above exception, another exception occurred:\n\n    def test_submit_automation_practice_form():\n        with allure.step('Preconditions and open page for test'):\n            arrange_student_registration_form_opened()\n    \n        with allure.step('Check page title'):\n            browser.should(have.title('ToolsQA'))\n    \n        with allure.step('Check page header'):\n            s('.main-header').should(have.exact_text('Practice Form'))\n    \n        with allure.step('Enter student name'):\n            s('#firstName').type(Student.first_name)\n        with allure.step('Enter student last name'):\n            s('#lastName').type(Student.last_name)\n        with allure.step('Enter student email'):\n            s('#userEmail').type(Student.email)\n        with allure.step('Enter student mobile number'):\n            mobile_number = s('#userNumber')\n            mobile_number.type(Student.mobile)\n    \n        with allure.step('Select student gender'):\n            gender_group = s('#genterWrapper')\n            gender_group.all('.custom-radio').element_by(have.exact_text(Student.gender)).click()\n    \n        with allure.step('Select student date of birth'):\n            date_of_birth = Datepicker(s('#dateOfBirthInput'))\n            date_of_birth.set_date_of_birth(year=Student.year_of_birth,\n                                            month=Student.month_of_birth,\n                                            day=Student.day_of_birth)\n        with allure.step('Set Subjects'):\n            subject = TagsInput(s('#subjectsInput'))\n            subject.add(Subjects.maths)\n            # subject.add(Subjects.maths).add(Subjects.english).add(Subjects.physics)\n            subject.autocomplete(from_='Eng', to_=Subjects.english)\n            subject.add_or_auto('Phys')\n    \n        with allure.step('Set hobbies'):\n            set_hobbies.set_hobby(Hobbies.sports)\n            set_hobbies.set_hobby(Hobbies.music)\n    \n        with allure.step('Load a file'):\n>           s('#uploadPicture').send_keys(resource('pictur.png'))\n\ntest_student_registration_form.py:56: \n_ _ _ _ _ _ _ _ _ _ _ _ _ _ _ _ _ _ _ _ _ _ _ _ _ _ _ _ _ _ _ _ _ _ _ _ _ _ _ _\n..\\venv\\lib\\site-packages\\selene\\core\\entity.py:742: in send_keys\n    self.wait.command(\n..\\venv\\lib\\site-packages\\selene\\core\\wait.py:136: in command\n    self.for_(Command(description, fn))\n_ _ _ _ _ _ _ _ _ _ _ _ _ _ _ _ _ _ _ _ _ _ _ _ _ _ _ _ _ _ _ _ _ _ _ _ _ _ _ _\n\nself = <selene.core.wait.Wait object at 0x000001CA120DDC90>\nfn = <selene.core.wait.Command object at 0x000001CA120DE2F0>\n\n        def for_(self, fn: Callable[[E], R]) -> R:\n            finish_time = time.time() + self._timeout\n    \n            while True:\n                try:\n                    return fn(self._entity)\n                except Exception as reason:\n                    if time.time() > finish_time:\n    \n                        reason_message = str(reason)\n    \n                        reason_string = '{name}: {message}'.format(\n                            name=reason.__class__.__name__, message=reason_message\n                        )\n                        # todo: think on how can we improve logging failures in selene, e.g. reverse msg and stacktrace\n                        # stacktrace = getattr(reason, 'stacktrace', None)\n                        timeout = self._timeout\n                        entity = self._entity\n    \n                        failure = TimeoutException(\n                            f'''\n    \n    Timed out after {timeout}s, while waiting for:\n    {entity}.{fn}\n    \n    Reason: {reason_string}'''\n                        )\n    \n>                       raise self._hook_failure(failure)\nE                       selene.core.exceptions.TimeoutException: Message: \nE                       \nE                       Timed out after 3s, while waiting for:\nE                       browser.element(('css selector', '#uploadPicture')).send keys\nE                       \nE                       Reason: InvalidArgumentException: Message: invalid argument: File not found : F:\\QA-Engineer\\Python_projects\\qa_guru\\qa_guru_python_10_jenkins\\resources\\pictur.png\nE                         (Session info: chrome=103.0.5060.134)\nE                       Stacktrace:\nE                       Backtrace:\nE                       \tOrdinal0 [0x00F85FD3+2187219]\nE                       \tOrdinal0 [0x00F1E6D1+1763025]\nE                       \tOrdinal0 [0x00E33E78+802424]\nE                       \tOrdinal0 [0x00E5B7FA+964602]\nE                       \tOrdinal0 [0x00E7CB8C+1100684]\nE                       \tOrdinal0 [0x00E58394+951188]\nE                       \tOrdinal0 [0x00E7CDA4+1101220]\nE                       \tOrdinal0 [0x00E8CFC2+1167298]\nE                       \tOrdinal0 [0x00E7C9A6+1100198]\nE                       \tOrdinal0 [0x00E56F80+946048]\nE                       \tOrdinal0 [0x00E57E76+949878]\nE                       \tGetHandleVerifier [0x012290C2+2721218]\nE                       \tGetHandleVerifier [0x0121AAF0+2662384]\nE                       \tGetHandleVerifier [0x0101137A+526458]\nE                       \tGetHandleVerifier [0x01010416+522518]\nE                       \tOrdinal0 [0x00F24EAB+1789611]\nE                       \tOrdinal0 [0x00F297A8+1808296]\nE                       \tOrdinal0 [0x00F29895+1808533]\nE                       \tOrdinal0 [0x00F326C1+1844929]\nE                       \tBaseThreadInitThunk [0x7656FA29+25]\nE                       \tRtlGetAppContainerNamedObjectPath [0x775B7A9E+286]\nE                       \tRtlGetAppContainerNamedObjectPath [0x775B7A6E+238]\nE                       \nE                       Screenshot: file://C:\\Users\\vasvap\\.selene\\screenshots\\1659038333498\\1659038333499.png\nE                       PageSource: file://C:\\Users\\vasvap\\.selene\\screenshots\\1659038333498\\1659038333499.html\n\n..\\venv\\lib\\site-packages\\selene\\core\\wait.py:125: TimeoutException"}, "steps": [{"name": "Preconditions and open page for test", "status": "passed", "start": 1659038333528, "stop": 1659038337329}, {"name": "Check page title", "status": "passed", "start": 1659038337329, "stop": 1659038337335}, {"name": "Check page header", "status": "passed", "start": 1659038337335, "stop": 1659038337359}, {"name": "Enter student name", "status": "passed", "start": 1659038337359, "stop": 1659038337430}, {"name": "Enter student last name", "status": "passed", "start": 1659038337430, "stop": 1659038337501}, {"name": "Enter student email", "status": "passed", "start": 1659038337501, "stop": 1659038337572}, {"name": "Enter student mobile number", "status": "passed", "start": 1659038337572, "stop": 1659038337639}, {"name": "Select student gender", "status": "passed", "start": 1659038337639, "stop": 1659038337720}, {"name": "Select student date of birth", "status": "passed", "start": 1659038337721, "stop": 1659038338008}, {"name": "Set Subjects", "status": "passed", "start": 1659038338008, "stop": 1659038338345}, {"name": "Set hobbies", "status": "passed", "start": 1659038338345, "stop": 1659038338490}, {"name": "Load a file", "status": "failed", "statusDetails": {"message": "selene.core.exceptions.TimeoutException: Message: \n\nTimed out after 3s, while waiting for:\nbrowser.element(('css selector', '#uploadPicture')).send keys\n\nReason: InvalidArgumentException: Message: invalid argument: File not found : F:\\QA-Engineer\\Python_projects\\qa_guru\\qa_guru_python_10_jenkins\\resources\\pictur.png\n  (Session info: chrome=103.0.5060.134)\nStacktrace:\nBacktrace:\n\tOrdinal0 [0x00F85FD3+2187219]\n\tOrdinal0 [0x00F1E6D1+1763025]\n\tOrdinal0 [0x00E33E78+802424]\n\tOrdinal0 [0x00E5B7FA+964602]\n\tOrdinal0 [0x00E7CB8C+1100684]\n\tOrdinal0 [0x00E58394+951188]\n\tOrdinal0 [0x00E7CDA4+1101220]\n\tOrdinal0 [0x00E8CFC2+1167298]\n\tOrdinal0 [0x00E7C9A6+1100198]\n\tOrdinal0 [0x00E56F80+946048]\n\tOrdinal0 [0x00E57E76+949878]\n\tGetHandleVerifier [0x012290C2+2721218]\n\tGetHandleVerifier [0x0121AAF0+2662384]\n\tGetHandleVerifier [0x0101137A+526458]\n\tGetHandleVerifier [0x01010416+522518]\n\tOrdinal0 [0x00F24EAB+1789611]\n\tOrdinal0 [0x00F297A8+1808296]\n\tOrdinal0 [0x00F29895+1808533]\n\tOrdinal0 [0x00F326C1+1844929]\n\tBaseThreadInitThunk [0x7656FA29+25]\n\tRtlGetAppContainerNamedObjectPath [0x775B7A9E+286]\n\tRtlGetAppContainerNamedObjectPath [0x775B7A6E+238]\n\nScreenshot: file://C:\\Users\\vasvap\\.selene\\screenshots\\1659038333498\\1659038333499.png\nPageSource: file://C:\\Users\\vasvap\\.selene\\screenshots\\1659038333498\\1659038333499.html\n\n", "trace": "  File \"F:\\QA-Engineer\\Python_projects\\qa_guru\\qa_guru_python_10_jenkins\\tests\\test_student_registration_form.py\", line 56, in test_submit_automation_practice_form\n    s('#uploadPicture').send_keys(resource('pictur.png'))\n  File \"F:\\QA-Engineer\\Python_projects\\qa_guru\\qa_guru_python_10_jenkins\\venv\\lib\\site-packages\\selene\\core\\entity.py\", line 742, in send_keys\n    self.wait.command(\n  File \"F:\\QA-Engineer\\Python_projects\\qa_guru\\qa_guru_python_10_jenkins\\venv\\lib\\site-packages\\selene\\core\\wait.py\", line 136, in command\n    self.for_(Command(description, fn))\n  File \"F:\\QA-Engineer\\Python_projects\\qa_guru\\qa_guru_python_10_jenkins\\venv\\lib\\site-packages\\selene\\core\\wait.py\", line 125, in for_\n    raise self._hook_failure(failure)\n"}, "start": 1659038338490, "stop": 1659038341650}], "attachments": [{"name": "log", "source": "f2daf937-5a89-4374-aba0-997d50fb2775-attachment.txt", "type": "text/plain"}, {"name": "stdout", "source": "e4fc1b24-7188-4c1b-be19-3229e8481637-attachment.txt", "type": "text/plain"}, {"name": "stderr", "source": "445facd5-2cfa-4757-b109-1cfb5cf46ae4-attachment.txt", "type": "text/plain"}], "start": 1659038333528, "stop": 1659038341874, "uuid": "06639aba-911b-44a3-913c-3363cdc402ee", "historyId": "56b1f549a389432cb0da935f5e79ad7e", "testCaseId": "a4829e6f7962f5aef51fde6d93523ace", "fullName": "tests.test_student_registration_form#test_submit_automation_practice_form", "labels": [{"name": "parentSuite", "value": "tests"}, {"name": "suite", "value": "test_student_registration_form"}, {"name": "host", "value": "PARKAN"}, {"name": "thread", "value": "13716-MainThread"}, {"name": "framework", "value": "pytest"}, {"name": "language", "value": "cpython3"}, {"name": "package", "value": "tests.test_student_registration_form"}]}